2026-07-10 00:39:08 INFO Database Service simulation started.
2026-07-10 00:39:08 WARNING High Query Latency
2026-07-10 00:39:10 INFO Query Executed
2026-07-10 00:39:13 WARNING Slow Database Response
2026-07-10 00:39:15 WARNING High Query Latency
2026-07-10 00:39:18 INFO Query Executed
2026-07-10 00:39:22 INFO Database Connected
2026-07-10 00:39:26 ERROR Connection Pool Exhausted
2026-07-10 00:39:31 ERROR Connection Pool Exhausted
2026-07-10 00:39:36 ERROR Connection Pool Exhausted
2026-07-10 00:39:41 ERROR Deadlock Detected
2026-07-10 00:39:45 WARNING Slow Database Response
2026-07-10 00:39:50 ERROR Connection Timeout
2026-07-10 00:39:53 WARNING Slow Database Response
2026-07-10 00:39:57 WARNING High Query Latency
2026-07-10 00:40:00 INFO Query Executed
2026-07-10 00:40:05 WARNING High Query Latency
2026-07-10 00:40:08 INFO Query Executed
2026-07-10 00:40:13 WARNING Slow Database Response
2026-07-10 00:40:15 INFO Query Executed
2026-07-10 00:40:20 ERROR Connection Timeout
2026-07-10 00:40:22 ERROR Connection Pool Exhausted
2026-07-10 00:40:26 INFO Query Executed
2026-07-10 00:40:31 INFO Query Executed
2026-07-10 00:40:34 ERROR Connection Timeout
2026-07-10 00:40:39 WARNING Slow Database Response
2026-07-10 00:40:43 ERROR Connection Timeout
2026-07-10 00:40:46 INFO Query Executed
2026-07-10 00:40:49 WARNING High Query Latency
2026-07-10 00:40:52 WARNING Slow Database Response
2026-07-10 00:40:56 INFO Query Executed
2026-07-10 00:41:01 ERROR Deadlock Detected
2026-07-10 00:41:05 ERROR Connection Pool Exhausted
2026-07-10 00:41:08 ERROR Connection Pool Exhausted
2026-07-10 00:41:13 ERROR Connection Pool Exhausted
2026-07-10 00:41:15 WARNING Slow Database Response
2026-07-10 00:41:18 ERROR Connection Pool Exhausted
2026-07-10 00:41:22 INFO Query Executed
2026-07-10 00:41:27 ERROR Connection Pool Exhausted
2026-07-10 00:41:30 ERROR Deadlock Detected
2026-07-10 00:41:32 WARNING High Query Latency
2026-07-10 00:41:37 INFO Query Executed
2026-07-10 00:41:41 INFO Database Connected
2026-07-10 00:41:44 ERROR Connection Pool Exhausted
2026-07-10 00:41:48 ERROR Connection Timeout
2026-07-10 00:41:53 WARNING High Query Latency
2026-07-10 00:41:57 ERROR Deadlock Detected
2026-07-10 00:42:02 WARNING High Query Latency
2026-07-10 00:42:05 INFO Query Executed
2026-07-10 00:42:08 ERROR Deadlock Detected
2026-07-10 00:42:11 INFO Query Executed
2026-07-10 00:42:15 ERROR Deadlock Detected
2026-07-10 00:42:18 ERROR Connection Pool Exhausted
2026-07-10 00:42:21 ERROR Connection Timeout
2026-07-10 00:42:25 ERROR Deadlock Detected
2026-07-10 00:42:28 WARNING Slow Database Response
2026-07-10 00:42:32 WARNING Slow Database Response
2026-07-10 00:42:34 WARNING High Query Latency
2026-07-10 00:42:39 ERROR Connection Pool Exhausted
2026-07-10 00:42:42 INFO Query Executed
2026-07-10 00:42:46 ERROR Connection Timeout
2026-07-10 00:42:48 INFO Database Connected
2026-07-10 00:42:52 ERROR Connection Timeout
2026-07-10 00:42:54 INFO Query Executed
2026-07-10 00:42:59 WARNING High Query Latency
2026-07-10 00:43:02 ERROR Connection Pool Exhausted
