2026-07-10 00:38:57 INFO Inventory Service simulation started.
2026-07-10 00:38:57 INFO Stock Updated
2026-07-10 00:38:59 WARNING Warehouse Sync Delayed
2026-07-10 00:39:02 WARNING Low Stock
2026-07-10 00:39:06 ERROR Inventory Sync Failed
2026-07-10 00:39:10 WARNING Low Stock
2026-07-10 00:39:15 INFO Product Reserved
2026-07-10 00:39:17 INFO Product Reserved
2026-07-10 00:39:19 WARNING Low Stock
2026-07-10 00:39:23 ERROR Product Reservation Failed
2026-07-10 00:39:28 WARNING Low Stock
2026-07-10 00:39:32 WARNING Low Stock
2026-07-10 00:39:36 ERROR Product Reservation Failed
2026-07-10 00:39:40 WARNING Low Stock
2026-07-10 00:39:45 INFO Product Reserved
2026-07-10 00:39:50 WARNING Low Stock
2026-07-10 00:39:52 WARNING Low Stock
2026-07-10 00:39:54 WARNING Warehouse Sync Delayed
2026-07-10 00:39:59 ERROR Inventory Sync Failed
2026-07-10 00:40:03 INFO Stock Updated
2026-07-10 00:40:08 ERROR Product Reservation Failed
2026-07-10 00:40:13 ERROR Inventory Sync Failed
2026-07-10 00:40:15 ERROR Inventory Sync Failed
2026-07-10 00:40:17 INFO Stock Updated
2026-07-10 00:40:22 ERROR Inventory Sync Failed
2026-07-10 00:40:27 ERROR Product Reservation Failed
2026-07-10 00:40:29 WARNING Warehouse Sync Delayed
2026-07-10 00:40:33 INFO Product Reserved
2026-07-10 00:40:37 ERROR Product Reservation Failed
2026-07-10 00:40:40 WARNING Low Stock
2026-07-10 00:40:45 ERROR Product Reservation Failed
2026-07-10 00:40:49 ERROR Inventory Sync Failed
2026-07-10 00:40:53 ERROR Product Reservation Failed
2026-07-10 00:40:55 ERROR Product Reservation Failed
2026-07-10 00:40:58 INFO Stock Updated
2026-07-10 00:41:02 ERROR Product Reservation Failed
2026-07-10 00:41:07 INFO Product Reserved
2026-07-10 00:41:10 INFO Stock Updated
2026-07-10 00:41:13 INFO Product Reserved
2026-07-10 00:41:17 INFO Stock Updated
2026-07-10 00:41:19 WARNING Warehouse Sync Delayed
2026-07-10 00:41:21 WARNING Warehouse Sync Delayed
2026-07-10 00:41:24 ERROR Inventory Sync Failed
2026-07-10 00:41:29 ERROR Product Reservation Failed
2026-07-10 00:41:32 ERROR Inventory Sync Failed
2026-07-10 00:41:35 INFO Stock Updated
2026-07-10 00:41:38 INFO Product Reserved
2026-07-10 00:41:40 WARNING Warehouse Sync Delayed
2026-07-10 00:41:42 WARNING Low Stock
2026-07-10 00:41:46 INFO Product Reserved
2026-07-10 00:41:48 INFO Stock Updated
2026-07-10 00:41:50 INFO Stock Updated
2026-07-10 00:41:53 ERROR Product Reservation Failed
2026-07-10 00:41:57 INFO Stock Updated
2026-07-10 00:42:02 WARNING Low Stock
2026-07-10 00:42:06 INFO Stock Updated
2026-07-10 00:42:11 ERROR Product Reservation Failed
2026-07-10 00:42:13 INFO Product Reserved
2026-07-10 00:42:17 WARNING Low Stock
2026-07-10 00:42:20 INFO Product Reserved
2026-07-10 00:42:24 ERROR Product Reservation Failed
2026-07-10 00:42:28 ERROR Product Reservation Failed
2026-07-10 00:42:32 INFO Product Reserved
2026-07-10 00:42:35 WARNING Low Stock
2026-07-10 00:42:38 ERROR Inventory Sync Failed
2026-07-10 00:42:40 INFO Stock Updated
2026-07-10 00:42:43 WARNING Warehouse Sync Delayed
2026-07-10 00:42:46 ERROR Product Reservation Failed
2026-07-10 00:42:49 WARNING Low Stock
2026-07-10 00:42:51 ERROR Inventory Sync Failed
2026-07-10 00:42:53 ERROR Product Reservation Failed
2026-07-10 00:42:57 WARNING Low Stock
2026-07-10 00:43:00 WARNING Warehouse Sync Delayed
2026-07-10 00:43:05 ERROR Inventory Sync Failed
2026-07-10 00:43:07 ERROR Inventory Sync Failed
2026-07-10 00:43:11 ERROR Product Reservation Failed
2026-07-10 00:43:16 ERROR Inventory Sync Failed
2026-07-10 00:43:19 ERROR Inventory Sync Failed
2026-07-10 00:43:22 ERROR Product Reservation Failed
2026-07-10 00:43:25 WARNING Low Stock
2026-07-10 00:43:29 INFO Product Reserved
2026-07-10 00:43:32 ERROR Product Reservation Failed
2026-07-10 00:43:37 INFO Stock Updated
2026-07-10 00:43:42 INFO Product Reserved
2026-07-10 00:43:46 ERROR Product Reservation Failed
2026-07-10 00:43:51 INFO Stock Updated
2026-07-10 00:43:54 ERROR Inventory Sync Failed
2026-07-10 00:43:58 INFO Stock Updated
2026-07-10 00:44:01 INFO Product Reserved
2026-07-10 00:44:05 INFO Stock Updated
2026-07-10 00:44:10 INFO Stock Updated
2026-07-10 00:44:13 ERROR Product Reservation Failed
2026-07-10 00:44:17 WARNING Low Stock
2026-07-10 00:44:21 ERROR Inventory Sync Failed
2026-07-10 00:44:24 WARNING Warehouse Sync Delayed
2026-07-10 00:44:29 ERROR Product Reservation Failed
2026-07-10 00:44:32 INFO Stock Updated
2026-07-10 00:44:36 WARNING Warehouse Sync Delayed
2026-07-10 00:44:38 WARNING Low Stock
2026-07-10 00:44:40 INFO Product Reserved
2026-07-10 00:44:44 ERROR Inventory Sync Failed
2026-07-10 00:44:46 INFO Product Reserved
2026-07-10 00:44:51 WARNING Warehouse Sync Delayed
2026-07-10 00:44:53 ERROR Product Reservation Failed
2026-07-10 00:44:57 ERROR Product Reservation Failed
2026-07-10 00:45:00 INFO Stock Updated
2026-07-10 00:45:05 INFO Stock Updated
2026-07-10 00:45:09 INFO Product Reserved
2026-07-10 00:45:11 INFO Stock Updated
2026-07-10 00:45:13 INFO Stock Updated
2026-07-10 00:45:16 ERROR Inventory Sync Failed
2026-07-10 00:45:20 WARNING Warehouse Sync Delayed
2026-07-10 00:45:25 WARNING Low Stock
2026-07-10 00:45:27 WARNING Low Stock
2026-07-10 00:45:30 ERROR Inventory Sync Failed
2026-07-10 00:45:35 INFO Stock Updated
2026-07-10 00:45:39 WARNING Low Stock
2026-07-10 00:45:44 ERROR Inventory Sync Failed
2026-07-10 00:45:47 INFO Stock Updated
2026-07-10 00:45:51 WARNING Low Stock
2026-07-10 00:45:56 ERROR Product Reservation Failed
2026-07-10 00:46:01 WARNING Low Stock
2026-07-10 00:46:03 INFO Stock Updated
2026-07-10 00:46:07 INFO Stock Updated
2026-07-10 00:46:11 INFO Stock Updated
2026-07-10 00:46:13 WARNING Warehouse Sync Delayed
2026-07-10 00:46:17 INFO Product Reserved
2026-07-10 00:46:19 WARNING Low Stock
2026-07-10 00:46:21 INFO Stock Updated
2026-07-10 00:46:23 ERROR Inventory Sync Failed
2026-07-10 00:46:26 INFO Product Reserved
2026-07-10 00:46:31 INFO Product Reserved
2026-07-10 00:46:36 ERROR Inventory Sync Failed
2026-07-10 00:46:40 INFO Product Reserved
2026-07-10 00:46:42 WARNING Low Stock
2026-07-10 00:46:44 INFO Product Reserved
2026-07-10 00:46:48 ERROR Inventory Sync Failed
2026-07-10 00:46:53 WARNING Low Stock
2026-07-10 00:46:55 INFO Product Reserved
2026-07-10 00:46:58 WARNING Low Stock
2026-07-10 00:47:01 INFO Stock Updated
2026-07-10 00:47:06 WARNING Warehouse Sync Delayed
2026-07-10 00:47:11 ERROR Product Reservation Failed
2026-07-10 00:47:13 ERROR Product Reservation Failed
2026-07-10 00:47:17 ERROR Product Reservation Failed
2026-07-10 00:47:22 WARNING Warehouse Sync Delayed
2026-07-10 00:47:26 WARNING Warehouse Sync Delayed
2026-07-10 00:47:31 INFO Product Reserved
2026-07-10 00:47:35 ERROR Inventory Sync Failed
2026-07-10 00:47:40 ERROR Product Reservation Failed
2026-07-10 00:47:45 INFO Stock Updated
2026-07-10 00:47:47 INFO Product Reserved
2026-07-10 00:47:50 WARNING Low Stock
2026-07-10 00:47:52 WARNING Warehouse Sync Delayed
2026-07-10 00:47:56 WARNING Warehouse Sync Delayed
2026-07-10 00:48:01 WARNING Low Stock
2026-07-10 00:48:04 INFO Stock Updated
2026-07-10 00:48:09 INFO Product Reserved
2026-07-10 00:48:11 ERROR Inventory Sync Failed
2026-07-10 00:48:13 WARNING Low Stock
2026-07-10 00:48:15 WARNING Low Stock
2026-07-10 00:48:19 WARNING Warehouse Sync Delayed
2026-07-10 00:48:23 WARNING Warehouse Sync Delayed
2026-07-10 00:48:25 INFO Stock Updated
2026-07-10 00:48:27 WARNING Warehouse Sync Delayed
2026-07-10 00:48:31 WARNING Low Stock
2026-07-10 00:48:34 WARNING Low Stock
2026-07-10 00:48:38 WARNING Warehouse Sync Delayed
2026-07-10 00:48:43 INFO Stock Updated
2026-07-10 00:48:45 ERROR Inventory Sync Failed
2026-07-10 00:48:49 INFO Product Reserved
2026-07-10 00:48:53 INFO Product Reserved
2026-07-10 00:48:56 INFO Stock Updated
2026-07-10 00:49:01 INFO Product Reserved
2026-07-10 00:49:04 INFO Stock Updated
2026-07-10 00:49:06 WARNING Low Stock
2026-07-10 00:49:11 ERROR Inventory Sync Failed
2026-07-10 00:49:15 WARNING Low Stock
2026-07-10 00:49:20 INFO Stock Updated
2026-07-10 00:49:25 WARNING Low Stock
2026-07-10 00:49:29 INFO Stock Updated
2026-07-10 00:49:33 WARNING Low Stock
2026-07-10 00:49:38 ERROR Inventory Sync Failed
2026-07-10 00:49:42 WARNING Warehouse Sync Delayed
2026-07-10 00:49:44 WARNING Warehouse Sync Delayed
2026-07-10 00:49:49 ERROR Product Reservation Failed
2026-07-10 00:49:51 INFO Product Reserved
2026-07-10 00:49:53 WARNING Warehouse Sync Delayed
2026-07-10 00:49:58 ERROR Product Reservation Failed
2026-07-10 00:50:03 WARNING Low Stock
2026-07-10 00:50:07 ERROR Product Reservation Failed
2026-07-10 00:50:09 ERROR Product Reservation Failed
2026-07-10 00:50:13 WARNING Warehouse Sync Delayed
2026-07-10 00:50:17 ERROR Product Reservation Failed
2026-07-10 00:50:20 WARNING Warehouse Sync Delayed
2026-07-10 00:50:25 ERROR Product Reservation Failed
2026-07-10 00:50:27 ERROR Product Reservation Failed
2026-07-10 00:50:31 INFO Stock Updated
2026-07-10 00:50:34 ERROR Inventory Sync Failed
2026-07-10 00:50:39 WARNING Warehouse Sync Delayed
2026-07-10 00:50:41 WARNING Low Stock
2026-07-10 00:50:46 INFO Stock Updated
2026-07-10 00:50:49 INFO Product Reserved
2026-07-10 00:50:51 WARNING Warehouse Sync Delayed
2026-07-10 00:50:54 ERROR Product Reservation Failed
2026-07-10 00:50:57 WARNING Low Stock
2026-07-10 00:51:00 WARNING Warehouse Sync Delayed
2026-07-10 00:51:05 WARNING Low Stock
2026-07-10 00:51:10 INFO Product Reserved
2026-07-10 00:51:15 WARNING Low Stock
2026-07-10 00:51:19 WARNING Warehouse Sync Delayed
2026-07-10 00:51:22 WARNING Low Stock
2026-07-10 00:51:25 INFO Product Reserved
2026-07-10 00:51:30 ERROR Inventory Sync Failed
2026-07-10 00:51:32 WARNING Low Stock
2026-07-10 00:51:35 INFO Product Reserved
2026-07-10 00:51:38 ERROR Product Reservation Failed
2026-07-10 00:51:43 WARNING Warehouse Sync Delayed
2026-07-10 00:51:45 WARNING Warehouse Sync Delayed
2026-07-10 00:51:47 WARNING Warehouse Sync Delayed
2026-07-10 00:51:52 ERROR Product Reservation Failed
2026-07-10 00:51:57 WARNING Low Stock
2026-07-10 00:52:02 INFO Product Reserved
2026-07-10 00:52:07 WARNING Low Stock
2026-07-10 00:52:12 ERROR Inventory Sync Failed
2026-07-10 00:52:15 ERROR Inventory Sync Failed
2026-07-10 00:52:20 ERROR Product Reservation Failed
2026-07-10 00:52:22 INFO Stock Updated
2026-07-10 00:52:25 ERROR Inventory Sync Failed
2026-07-10 00:52:27 INFO Product Reserved
2026-07-10 00:52:31 WARNING Low Stock
2026-07-10 00:52:33 WARNING Low Stock
2026-07-10 00:52:35 WARNING Low Stock
2026-07-10 00:52:39 INFO Stock Updated
2026-07-10 00:52:44 WARNING Warehouse Sync Delayed
2026-07-10 00:52:49 INFO Stock Updated
2026-07-10 00:52:52 WARNING Low Stock
2026-07-10 00:52:57 INFO Stock Updated
2026-07-10 00:53:02 ERROR Inventory Sync Failed
2026-07-10 00:53:06 WARNING Warehouse Sync Delayed
2026-07-10 00:53:11 INFO Stock Updated
2026-07-10 00:53:15 WARNING Warehouse Sync Delayed
2026-07-10 00:53:18 INFO Stock Updated
2026-07-10 00:53:20 ERROR Inventory Sync Failed
2026-07-10 00:53:23 WARNING Low Stock
2026-07-10 00:53:25 ERROR Product Reservation Failed
2026-07-10 00:53:27 INFO Stock Updated
2026-07-10 00:53:29 INFO Stock Updated
2026-07-10 00:53:32 INFO Product Reserved
2026-07-10 00:53:35 INFO Stock Updated
2026-07-10 00:53:37 INFO Stock Updated
2026-07-10 00:53:40 WARNING Low Stock
2026-07-10 00:53:42 ERROR Inventory Sync Failed
2026-07-10 00:53:46 ERROR Inventory Sync Failed
2026-07-10 00:53:49 INFO Product Reserved
2026-07-10 00:53:53 WARNING Warehouse Sync Delayed
2026-07-10 00:53:58 INFO Stock Updated
2026-07-10 00:54:03 WARNING Warehouse Sync Delayed
2026-07-10 00:54:06 WARNING Low Stock
2026-07-10 00:54:08 INFO Stock Updated
2026-07-10 00:54:12 INFO Product Reserved
2026-07-10 00:54:16 INFO Stock Updated
2026-07-10 00:54:19 ERROR Product Reservation Failed
2026-07-10 00:54:21 WARNING Warehouse Sync Delayed
2026-07-10 00:54:25 ERROR Product Reservation Failed
2026-07-10 00:54:28 INFO Product Reserved
2026-07-10 00:54:31 WARNING Warehouse Sync Delayed
2026-07-10 00:54:36 ERROR Product Reservation Failed
2026-07-10 00:54:39 WARNING Warehouse Sync Delayed
2026-07-10 00:54:41 INFO Stock Updated
2026-07-10 00:54:44 ERROR Inventory Sync Failed
2026-07-10 00:54:47 ERROR Inventory Sync Failed
2026-07-10 00:54:49 ERROR Product Reservation Failed
2026-07-10 00:54:53 ERROR Product Reservation Failed
2026-07-10 00:54:57 WARNING Low Stock
2026-07-10 00:55:01 ERROR Inventory Sync Failed
2026-07-10 00:55:04 WARNING Warehouse Sync Delayed
2026-07-10 00:55:09 WARNING Warehouse Sync Delayed
2026-07-10 00:55:12 INFO Product Reserved
2026-07-10 00:55:15 WARNING Warehouse Sync Delayed
2026-07-10 00:55:17 INFO Product Reserved
2026-07-10 00:55:19 ERROR Product Reservation Failed
2026-07-10 00:55:21 INFO Product Reserved
2026-07-10 00:55:25 WARNING Warehouse Sync Delayed
2026-07-10 00:55:27 WARNING Low Stock
2026-07-10 00:55:30 ERROR Product Reservation Failed
2026-07-10 00:55:34 WARNING Warehouse Sync Delayed
2026-07-10 00:55:38 ERROR Product Reservation Failed
2026-07-10 00:55:41 WARNING Low Stock
2026-07-10 00:55:46 ERROR Inventory Sync Failed
2026-07-10 00:55:51 INFO Product Reserved
2026-07-10 00:55:56 ERROR Inventory Sync Failed
2026-07-10 00:55:58 WARNING Warehouse Sync Delayed
2026-07-10 00:56:02 INFO Stock Updated
2026-07-10 00:56:06 ERROR Inventory Sync Failed
2026-07-10 00:56:08 WARNING Warehouse Sync Delayed
2026-07-10 00:56:12 WARNING Warehouse Sync Delayed
2026-07-10 00:56:16 INFO Product Reserved
2026-07-10 00:56:20 ERROR Inventory Sync Failed
2026-07-10 00:56:23 ERROR Product Reservation Failed
2026-07-10 00:56:26 INFO Product Reserved
2026-07-10 00:56:30 WARNING Low Stock
2026-07-10 00:56:32 WARNING Low Stock
2026-07-10 00:56:37 INFO Stock Updated
2026-07-10 00:56:39 ERROR Inventory Sync Failed
2026-07-10 00:56:44 ERROR Product Reservation Failed
2026-07-10 00:56:47 WARNING Warehouse Sync Delayed
2026-07-10 00:56:51 ERROR Product Reservation Failed
2026-07-10 00:56:54 WARNING Low Stock
2026-07-10 00:56:56 WARNING Low Stock
2026-07-10 00:56:59 ERROR Product Reservation Failed
2026-07-10 00:57:04 INFO Product Reserved
2026-07-10 00:57:07 WARNING Warehouse Sync Delayed
2026-07-10 00:57:10 INFO Product Reserved
2026-07-10 00:57:13 WARNING Warehouse Sync Delayed
2026-07-10 00:57:16 INFO Stock Updated
2026-07-10 00:57:19 WARNING Low Stock
2026-07-10 00:57:23 INFO Stock Updated
2026-07-10 00:57:26 WARNING Warehouse Sync Delayed
2026-07-10 00:57:29 INFO Product Reserved
2026-07-10 00:57:34 INFO Product Reserved
2026-07-10 00:57:39 WARNING Warehouse Sync Delayed
2026-07-10 00:57:42 INFO Stock Updated
2026-07-10 00:57:44 INFO Product Reserved
2026-07-10 00:57:49 WARNING Warehouse Sync Delayed
2026-07-10 00:57:53 INFO Stock Updated
2026-07-10 00:57:57 WARNING Low Stock
2026-07-10 00:58:01 WARNING Low Stock
2026-07-10 00:58:06 INFO Product Reserved
2026-07-10 00:58:08 ERROR Inventory Sync Failed
2026-07-10 00:58:12 WARNING Low Stock
2026-07-10 00:58:14 WARNING Low Stock
2026-07-10 00:58:19 WARNING Low Stock
2026-07-10 00:58:21 ERROR Product Reservation Failed
2026-07-10 00:58:25 INFO Product Reserved
2026-07-10 00:58:30 ERROR Product Reservation Failed
2026-07-10 00:58:34 WARNING Warehouse Sync Delayed
2026-07-10 00:58:37 INFO Stock Updated
2026-07-10 00:58:41 WARNING Warehouse Sync Delayed
2026-07-10 00:58:45 INFO Product Reserved
2026-07-10 00:58:48 ERROR Inventory Sync Failed
2026-07-10 00:58:52 WARNING Warehouse Sync Delayed
2026-07-10 00:58:57 ERROR Product Reservation Failed
2026-07-10 00:59:01 INFO Stock Updated
2026-07-10 00:59:06 ERROR Product Reservation Failed
2026-07-10 00:59:11 INFO Stock Updated
2026-07-10 00:59:16 WARNING Warehouse Sync Delayed
2026-07-10 00:59:21 INFO Stock Updated
2026-07-10 00:59:26 ERROR Product Reservation Failed
2026-07-10 00:59:29 ERROR Inventory Sync Failed
2026-07-10 00:59:31 INFO Stock Updated
2026-07-10 00:59:33 WARNING Warehouse Sync Delayed
2026-07-10 00:59:35 INFO Stock Updated
2026-07-10 00:59:40 INFO Stock Updated
2026-07-10 00:59:43 ERROR Inventory Sync Failed
2026-07-10 00:59:46 WARNING Warehouse Sync Delayed
2026-07-10 00:59:51 ERROR Product Reservation Failed
2026-07-10 00:59:56 ERROR Product Reservation Failed
2026-07-10 01:00:00 WARNING Low Stock
2026-07-10 01:00:03 WARNING Low Stock
2026-07-10 01:00:06 ERROR Inventory Sync Failed
2026-07-10 01:00:11 INFO Stock Updated
2026-07-10 01:00:16 WARNING Low Stock
2026-07-10 01:00:18 ERROR Inventory Sync Failed
2026-07-10 01:00:21 ERROR Product Reservation Failed
2026-07-10 01:00:24 WARNING Low Stock
2026-07-10 01:00:26 WARNING Warehouse Sync Delayed
2026-07-10 01:00:29 ERROR Inventory Sync Failed
2026-07-10 01:00:34 WARNING Warehouse Sync Delayed
2026-07-10 01:00:36 ERROR Inventory Sync Failed
2026-07-10 01:00:38 WARNING Warehouse Sync Delayed
2026-07-10 01:00:41 WARNING Low Stock
2026-07-10 01:00:43 ERROR Product Reservation Failed
2026-07-10 01:00:45 ERROR Inventory Sync Failed
2026-07-10 01:00:47 INFO Stock Updated
2026-07-10 01:00:50 INFO Stock Updated
2026-07-10 01:00:52 INFO Stock Updated
2026-07-10 01:00:56 WARNING Low Stock
2026-07-10 01:00:59 ERROR Inventory Sync Failed
2026-07-10 01:01:04 INFO Stock Updated
2026-07-10 01:01:08 INFO Stock Updated
2026-07-10 01:01:11 ERROR Product Reservation Failed
2026-07-10 01:01:16 INFO Product Reserved
2026-07-10 01:01:18 ERROR Inventory Sync Failed
2026-07-10 01:01:22 INFO Stock Updated
2026-07-10 01:01:27 WARNING Low Stock
2026-07-10 01:01:31 INFO Stock Updated
2026-07-10 01:01:36 WARNING Low Stock
2026-07-10 01:01:38 WARNING Low Stock
2026-07-10 01:01:43 WARNING Low Stock
2026-07-10 01:01:46 WARNING Warehouse Sync Delayed
2026-07-10 01:01:48 WARNING Low Stock
2026-07-10 01:01:51 WARNING Warehouse Sync Delayed
2026-07-10 01:01:55 INFO Product Reserved
2026-07-10 01:01:57 INFO Product Reserved
2026-07-10 01:02:01 ERROR Inventory Sync Failed
2026-07-10 01:02:04 INFO Product Reserved
2026-07-10 01:02:08 ERROR Inventory Sync Failed
2026-07-10 01:02:12 ERROR Inventory Sync Failed
2026-07-10 01:02:16 ERROR Inventory Sync Failed
2026-07-10 01:02:18 INFO Product Reserved
2026-07-10 01:02:21 INFO Product Reserved
2026-07-10 01:02:23 INFO Stock Updated
2026-07-10 01:02:26 INFO Product Reserved
2026-07-10 01:02:28 INFO Stock Updated
2026-07-10 01:02:30 ERROR Inventory Sync Failed
2026-07-10 01:02:32 WARNING Warehouse Sync Delayed
2026-07-10 01:02:37 INFO Product Reserved
2026-07-10 01:02:41 INFO Product Reserved
2026-07-10 01:02:45 ERROR Inventory Sync Failed
2026-07-10 01:02:47 INFO Product Reserved
2026-07-10 01:02:52 WARNING Low Stock
2026-07-10 01:02:56 INFO Product Reserved
2026-07-10 01:03:01 INFO Stock Updated
2026-07-10 01:03:05 WARNING Low Stock
2026-07-10 01:03:08 ERROR Product Reservation Failed
2026-07-10 01:03:12 ERROR Inventory Sync Failed
2026-07-10 01:03:17 WARNING Low Stock
2026-07-10 01:03:19 INFO Stock Updated
2026-07-10 01:03:24 WARNING Low Stock
2026-07-10 01:03:27 WARNING Low Stock
2026-07-10 01:03:29 WARNING Low Stock
2026-07-10 01:03:32 ERROR Inventory Sync Failed
2026-07-10 01:03:36 ERROR Inventory Sync Failed
2026-07-10 01:03:40 WARNING Warehouse Sync Delayed
2026-07-10 01:03:43 WARNING Warehouse Sync Delayed
2026-07-10 01:03:47 ERROR Inventory Sync Failed
2026-07-10 01:03:50 INFO Stock Updated
2026-07-10 01:03:52 INFO Stock Updated
2026-07-10 01:03:56 INFO Product Reserved
2026-07-10 01:04:01 WARNING Warehouse Sync Delayed
2026-07-10 01:04:05 INFO Product Reserved
2026-07-10 01:04:07 INFO Stock Updated
2026-07-10 01:04:09 WARNING Low Stock
2026-07-10 01:04:14 INFO Product Reserved
2026-07-10 01:04:18 ERROR Product Reservation Failed
2026-07-10 01:04:23 ERROR Product Reservation Failed
2026-07-10 01:04:27 WARNING Low Stock
2026-07-10 01:04:32 WARNING Low Stock
2026-07-10 01:04:37 ERROR Product Reservation Failed
2026-07-10 01:04:42 INFO Stock Updated
2026-07-10 01:04:44 WARNING Warehouse Sync Delayed
2026-07-10 01:04:47 WARNING Low Stock
2026-07-10 01:04:50 WARNING Warehouse Sync Delayed
2026-07-10 01:04:55 ERROR Inventory Sync Failed
2026-07-10 01:04:58 WARNING Low Stock
2026-07-10 01:05:02 WARNING Low Stock
2026-07-10 01:05:07 ERROR Inventory Sync Failed
2026-07-10 01:05:09 INFO Stock Updated
2026-07-10 01:05:11 INFO Stock Updated
2026-07-10 01:05:16 WARNING Warehouse Sync Delayed
2026-07-10 01:05:19 WARNING Low Stock
2026-07-10 01:05:23 WARNING Warehouse Sync Delayed
2026-07-10 01:05:28 WARNING Low Stock
2026-07-10 01:05:32 ERROR Product Reservation Failed
2026-07-10 01:05:34 INFO Product Reserved
2026-07-10 01:05:36 INFO Product Reserved
2026-07-10 01:05:41 INFO Stock Updated
2026-07-10 01:05:44 WARNING Low Stock
2026-07-10 01:05:47 WARNING Warehouse Sync Delayed
2026-07-10 01:05:49 ERROR Product Reservation Failed
2026-07-10 01:05:51 WARNING Low Stock
2026-07-10 01:05:54 WARNING Low Stock
2026-07-10 01:05:59 ERROR Inventory Sync Failed
2026-07-10 01:06:04 WARNING Warehouse Sync Delayed
2026-07-10 01:06:07 INFO Product Reserved
2026-07-10 01:06:11 INFO Stock Updated
2026-07-10 01:06:13 ERROR Product Reservation Failed
2026-07-10 01:06:18 INFO Stock Updated
2026-07-10 01:06:23 WARNING Low Stock
2026-07-10 01:06:25 INFO Stock Updated
2026-07-10 01:06:30 ERROR Inventory Sync Failed
2026-07-10 01:06:33 INFO Product Reserved
2026-07-10 01:06:36 INFO Stock Updated
