2026-07-10 00:38:18 INFO Order Service simulation started.
2026-07-10 00:38:18 ERROR Order Cancellation Failed
2026-07-10 00:38:20 WARNING Order Delayed
2026-07-10 00:38:24 INFO Order Confirmed
2026-07-10 00:38:26 INFO Refund Initiated
2026-07-10 00:38:28 INFO Order Confirmed
2026-07-10 00:38:30 WARNING Order Delayed
2026-07-10 00:38:33 WARNING Customer Address Verification Pending
2026-07-10 00:38:36 INFO Refund Initiated
2026-07-10 00:38:38 INFO Refund Initiated
2026-07-10 00:38:40 INFO Order Created
2026-07-10 00:38:45 WARNING Customer Address Verification Pending
2026-07-10 00:38:49 INFO Order Confirmed
2026-07-10 00:38:52 INFO Order Confirmed
2026-07-10 00:38:57 WARNING Customer Address Verification Pending
2026-07-10 00:39:00 WARNING Customer Address Verification Pending
2026-07-10 00:39:02 WARNING Order Delayed
2026-07-10 00:39:07 ERROR Payment Verification Failed
2026-07-10 00:39:11 ERROR Order Cancellation Failed
2026-07-10 00:39:14 WARNING Order Delayed
2026-07-10 00:39:16 INFO Refund Initiated
2026-07-10 00:39:18 ERROR Order Cancellation Failed
2026-07-10 00:39:22 INFO Order Created
2026-07-10 00:39:26 INFO Order Created
2026-07-10 00:39:30 ERROR Order Cancellation Failed
2026-07-10 00:39:33 INFO Order Created
2026-07-10 00:39:38 WARNING Order Delayed
2026-07-10 00:39:41 INFO Order Confirmed
2026-07-10 00:39:46 INFO Order Created
2026-07-10 00:39:48 INFO Refund Initiated
2026-07-10 00:39:53 WARNING Customer Address Verification Pending
2026-07-10 00:39:55 ERROR Payment Verification Failed
2026-07-10 00:39:58 INFO Refund Initiated
2026-07-10 00:40:02 ERROR Order Cancellation Failed
2026-07-10 00:40:07 INFO Refund Initiated
2026-07-10 00:40:09 INFO Order Confirmed
2026-07-10 00:40:12 ERROR Payment Verification Failed
2026-07-10 00:40:15 WARNING Order Delayed
2026-07-10 00:40:20 ERROR Order Cancellation Failed
2026-07-10 00:40:25 ERROR Order Cancellation Failed
2026-07-10 00:40:28 INFO Order Confirmed
2026-07-10 00:40:30 WARNING Order Delayed
2026-07-10 00:40:32 WARNING Customer Address Verification Pending
2026-07-10 00:40:35 WARNING Customer Address Verification Pending
2026-07-10 00:40:40 ERROR Order Cancellation Failed
2026-07-10 00:40:45 INFO Refund Initiated
2026-07-10 00:40:47 INFO Refund Initiated
2026-07-10 00:40:51 INFO Refund Initiated
2026-07-10 00:40:56 ERROR Payment Verification Failed
2026-07-10 00:40:59 INFO Refund Initiated
2026-07-10 00:41:01 INFO Order Created
2026-07-10 00:41:04 INFO Refund Initiated
2026-07-10 00:41:09 ERROR Payment Verification Failed
2026-07-10 00:41:13 INFO Order Confirmed
2026-07-10 00:41:16 WARNING Order Delayed
2026-07-10 00:41:20 INFO Order Confirmed
2026-07-10 00:41:23 INFO Order Created
2026-07-10 00:41:26 ERROR Order Cancellation Failed
2026-07-10 00:41:30 WARNING Order Delayed
2026-07-10 00:41:33 WARNING Order Delayed
2026-07-10 00:41:35 INFO Order Created
2026-07-10 00:41:37 WARNING Order Delayed
2026-07-10 00:41:41 INFO Refund Initiated
2026-07-10 00:41:45 ERROR Payment Verification Failed
2026-07-10 00:41:50 ERROR Payment Verification Failed
2026-07-10 00:41:53 INFO Order Created
2026-07-10 00:41:58 ERROR Payment Verification Failed
2026-07-10 00:42:02 INFO Refund Initiated
2026-07-10 00:42:07 INFO Refund Initiated
2026-07-10 00:42:12 INFO Refund Initiated
2026-07-10 00:42:16 WARNING Order Delayed
2026-07-10 00:42:21 ERROR Order Cancellation Failed
2026-07-10 00:42:25 INFO Refund Initiated
2026-07-10 00:42:27 INFO Order Created
2026-07-10 00:42:30 ERROR Payment Verification Failed
2026-07-10 00:42:33 ERROR Payment Verification Failed
2026-07-10 00:42:38 INFO Refund Initiated
2026-07-10 00:42:43 ERROR Order Cancellation Failed
2026-07-10 00:42:45 INFO Order Confirmed
2026-07-10 00:42:49 INFO Refund Initiated
2026-07-10 00:42:54 ERROR Payment Verification Failed
2026-07-10 00:42:59 INFO Order Confirmed
2026-07-10 00:43:03 INFO Order Confirmed
2026-07-10 00:43:06 INFO Order Created
2026-07-10 00:43:08 WARNING Order Delayed
2026-07-10 00:43:10 INFO Order Created
2026-07-10 00:43:14 WARNING Order Delayed
2026-07-10 00:43:17 WARNING Order Delayed
2026-07-10 00:43:21 ERROR Order Cancellation Failed
2026-07-10 00:43:23 WARNING Customer Address Verification Pending
2026-07-10 00:43:28 WARNING Order Delayed
2026-07-10 00:43:30 ERROR Order Cancellation Failed
2026-07-10 00:43:34 ERROR Order Cancellation Failed
2026-07-10 00:43:37 ERROR Payment Verification Failed
2026-07-10 00:43:39 INFO Order Confirmed
2026-07-10 00:43:43 WARNING Customer Address Verification Pending
2026-07-10 00:43:45 ERROR Payment Verification Failed
2026-07-10 00:43:50 WARNING Customer Address Verification Pending
2026-07-10 00:43:55 INFO Refund Initiated
2026-07-10 00:43:57 INFO Refund Initiated
2026-07-10 00:43:59 ERROR Order Cancellation Failed
2026-07-10 00:44:01 ERROR Order Cancellation Failed
2026-07-10 00:44:06 WARNING Order Delayed
2026-07-10 00:44:08 INFO Order Confirmed
2026-07-10 00:44:10 WARNING Order Delayed
2026-07-10 00:44:13 INFO Order Confirmed
2026-07-10 00:44:18 INFO Refund Initiated
2026-07-10 00:44:20 WARNING Order Delayed
2026-07-10 00:44:25 INFO Order Confirmed
2026-07-10 00:44:28 INFO Order Created
2026-07-10 00:44:33 WARNING Customer Address Verification Pending
2026-07-10 00:44:38 WARNING Order Delayed
2026-07-10 00:44:41 WARNING Customer Address Verification Pending
2026-07-10 00:44:45 WARNING Order Delayed
2026-07-10 00:44:50 ERROR Payment Verification Failed
2026-07-10 00:44:55 WARNING Order Delayed
2026-07-10 00:44:58 INFO Order Created
2026-07-10 00:45:03 ERROR Payment Verification Failed
2026-07-10 00:45:06 WARNING Customer Address Verification Pending
2026-07-10 00:45:11 INFO Order Confirmed
2026-07-10 00:45:14 INFO Refund Initiated
2026-07-10 00:45:19 INFO Order Confirmed
2026-07-10 00:45:21 ERROR Order Cancellation Failed
2026-07-10 00:45:26 ERROR Order Cancellation Failed
2026-07-10 00:45:29 ERROR Order Cancellation Failed
2026-07-10 00:45:33 WARNING Order Delayed
2026-07-10 00:45:37 INFO Refund Initiated
2026-07-10 00:45:42 ERROR Payment Verification Failed
2026-07-10 00:45:44 WARNING Customer Address Verification Pending
2026-07-10 00:45:49 ERROR Order Cancellation Failed
2026-07-10 00:45:51 INFO Refund Initiated
2026-07-10 00:45:55 ERROR Order Cancellation Failed
2026-07-10 00:45:57 INFO Refund Initiated
2026-07-10 00:46:00 ERROR Order Cancellation Failed
2026-07-10 00:46:02 INFO Order Created
2026-07-10 00:46:04 WARNING Customer Address Verification Pending
2026-07-10 00:46:09 WARNING Customer Address Verification Pending
2026-07-10 00:46:13 ERROR Order Cancellation Failed
2026-07-10 00:46:18 INFO Order Created
2026-07-10 00:46:23 WARNING Customer Address Verification Pending
2026-07-10 00:46:26 INFO Refund Initiated
2026-07-10 00:46:31 WARNING Order Delayed
2026-07-10 00:46:33 WARNING Customer Address Verification Pending
2026-07-10 00:46:36 INFO Order Created
2026-07-10 00:46:41 INFO Refund Initiated
2026-07-10 00:46:43 WARNING Customer Address Verification Pending
2026-07-10 00:46:47 WARNING Customer Address Verification Pending
2026-07-10 00:46:52 WARNING Customer Address Verification Pending
2026-07-10 00:46:57 INFO Order Confirmed
2026-07-10 00:46:59 WARNING Order Delayed
2026-07-10 00:47:02 INFO Refund Initiated
2026-07-10 00:47:07 WARNING Customer Address Verification Pending
2026-07-10 00:47:11 WARNING Customer Address Verification Pending
2026-07-10 00:47:16 ERROR Payment Verification Failed
2026-07-10 00:47:19 WARNING Order Delayed
2026-07-10 00:47:21 INFO Order Confirmed
2026-07-10 00:47:26 WARNING Order Delayed
2026-07-10 00:47:29 ERROR Payment Verification Failed
2026-07-10 00:47:32 ERROR Order Cancellation Failed
2026-07-10 00:47:34 INFO Order Confirmed
2026-07-10 00:47:38 WARNING Customer Address Verification Pending
2026-07-10 00:47:40 INFO Refund Initiated
2026-07-10 00:47:43 WARNING Order Delayed
2026-07-10 00:47:45 INFO Order Confirmed
2026-07-10 00:47:47 INFO Refund Initiated
2026-07-10 00:47:50 ERROR Order Cancellation Failed
2026-07-10 00:47:53 ERROR Payment Verification Failed
2026-07-10 00:47:57 ERROR Order Cancellation Failed
2026-07-10 00:48:02 INFO Order Confirmed
2026-07-10 00:48:04 INFO Refund Initiated
2026-07-10 00:48:08 INFO Refund Initiated
2026-07-10 00:48:11 INFO Order Created
2026-07-10 00:48:13 ERROR Order Cancellation Failed
2026-07-10 00:48:15 ERROR Order Cancellation Failed
2026-07-10 00:48:18 INFO Refund Initiated
2026-07-10 00:48:22 WARNING Customer Address Verification Pending
2026-07-10 00:48:24 ERROR Payment Verification Failed
2026-07-10 00:48:26 WARNING Order Delayed
2026-07-10 00:48:28 INFO Refund Initiated
2026-07-10 00:48:33 INFO Order Created
2026-07-10 00:48:36 ERROR Order Cancellation Failed
2026-07-10 00:48:39 WARNING Customer Address Verification Pending
2026-07-10 00:48:41 WARNING Customer Address Verification Pending
2026-07-10 00:48:46 ERROR Order Cancellation Failed
2026-07-10 00:48:51 INFO Order Created
2026-07-10 00:48:55 WARNING Order Delayed
2026-07-10 00:48:58 INFO Refund Initiated
2026-07-10 00:49:02 INFO Order Confirmed
2026-07-10 00:49:05 WARNING Order Delayed
2026-07-10 00:49:08 INFO Order Created
2026-07-10 00:49:12 INFO Order Created
2026-07-10 00:49:15 INFO Order Created
2026-07-10 00:49:19 WARNING Customer Address Verification Pending
2026-07-10 00:49:23 INFO Refund Initiated
2026-07-10 00:49:28 ERROR Payment Verification Failed
2026-07-10 00:49:30 INFO Refund Initiated
2026-07-10 00:49:32 INFO Order Confirmed
2026-07-10 00:49:37 ERROR Payment Verification Failed
2026-07-10 00:49:41 WARNING Order Delayed
2026-07-10 00:49:43 ERROR Payment Verification Failed
2026-07-10 00:49:48 INFO Order Confirmed
2026-07-10 00:49:53 INFO Refund Initiated
2026-07-10 00:49:56 INFO Order Created
2026-07-10 00:49:58 INFO Order Confirmed
2026-07-10 00:50:00 WARNING Order Delayed
2026-07-10 00:50:02 INFO Order Created
2026-07-10 00:50:05 ERROR Payment Verification Failed
2026-07-10 00:50:09 ERROR Order Cancellation Failed
2026-07-10 00:50:12 WARNING Customer Address Verification Pending
2026-07-10 00:50:17 ERROR Order Cancellation Failed
2026-07-10 00:50:20 ERROR Order Cancellation Failed
2026-07-10 00:50:25 INFO Order Created
2026-07-10 00:50:30 WARNING Order Delayed
2026-07-10 00:50:33 ERROR Order Cancellation Failed
2026-07-10 00:50:36 ERROR Order Cancellation Failed
2026-07-10 00:50:40 INFO Refund Initiated
2026-07-10 00:50:43 INFO Order Confirmed
2026-07-10 00:50:47 WARNING Customer Address Verification Pending
2026-07-10 00:50:52 WARNING Customer Address Verification Pending
2026-07-10 00:50:57 INFO Order Confirmed
2026-07-10 00:51:00 ERROR Order Cancellation Failed
2026-07-10 00:51:05 INFO Order Created
2026-07-10 00:51:07 INFO Refund Initiated
2026-07-10 00:51:09 ERROR Payment Verification Failed
2026-07-10 00:51:14 INFO Refund Initiated
2026-07-10 00:51:16 WARNING Order Delayed
2026-07-10 00:51:19 INFO Order Created
2026-07-10 00:51:22 WARNING Order Delayed
2026-07-10 00:51:24 ERROR Payment Verification Failed
2026-07-10 00:51:26 WARNING Customer Address Verification Pending
2026-07-10 00:51:30 INFO Refund Initiated
2026-07-10 00:51:35 INFO Order Confirmed
2026-07-10 00:51:38 ERROR Payment Verification Failed
2026-07-10 00:51:43 INFO Refund Initiated
2026-07-10 00:51:47 WARNING Order Delayed
2026-07-10 00:51:52 WARNING Order Delayed
2026-07-10 00:51:55 ERROR Payment Verification Failed
2026-07-10 00:52:00 WARNING Order Delayed
2026-07-10 00:52:02 INFO Order Confirmed
2026-07-10 00:52:07 ERROR Order Cancellation Failed
2026-07-10 00:52:12 INFO Order Created
2026-07-10 00:52:14 ERROR Payment Verification Failed
2026-07-10 00:52:19 ERROR Order Cancellation Failed
2026-07-10 00:52:21 WARNING Order Delayed
2026-07-10 00:52:25 INFO Refund Initiated
2026-07-10 00:52:29 ERROR Payment Verification Failed
2026-07-10 00:52:34 INFO Order Created
2026-07-10 00:52:39 WARNING Customer Address Verification Pending
2026-07-10 00:52:42 ERROR Order Cancellation Failed
2026-07-10 00:52:44 INFO Refund Initiated
2026-07-10 00:52:46 ERROR Payment Verification Failed
2026-07-10 00:52:48 INFO Order Confirmed
2026-07-10 00:52:51 ERROR Order Cancellation Failed
2026-07-10 00:52:56 WARNING Customer Address Verification Pending
2026-07-10 00:53:00 INFO Order Confirmed
2026-07-10 00:53:03 WARNING Order Delayed
2026-07-10 00:53:08 WARNING Customer Address Verification Pending
2026-07-10 00:53:13 WARNING Customer Address Verification Pending
2026-07-10 00:53:15 INFO Order Confirmed
2026-07-10 00:53:18 INFO Order Confirmed
2026-07-10 00:53:20 INFO Order Confirmed
2026-07-10 00:53:23 WARNING Order Delayed
2026-07-10 00:53:25 ERROR Order Cancellation Failed
2026-07-10 00:53:29 INFO Order Confirmed
2026-07-10 00:53:33 WARNING Order Delayed
2026-07-10 00:53:36 INFO Order Confirmed
2026-07-10 00:53:38 INFO Refund Initiated
2026-07-10 00:53:41 INFO Order Confirmed
2026-07-10 00:53:45 ERROR Order Cancellation Failed
2026-07-10 00:53:47 ERROR Payment Verification Failed
2026-07-10 00:53:52 WARNING Customer Address Verification Pending
2026-07-10 00:53:55 INFO Refund Initiated
2026-07-10 00:53:57 INFO Refund Initiated
2026-07-10 00:54:02 ERROR Order Cancellation Failed
2026-07-10 00:54:05 ERROR Order Cancellation Failed
2026-07-10 00:54:09 INFO Order Created
2026-07-10 00:54:13 INFO Order Confirmed
2026-07-10 00:54:18 INFO Order Confirmed
2026-07-10 00:54:20 INFO Order Created
2026-07-10 00:54:25 INFO Refund Initiated
2026-07-10 00:54:27 WARNING Customer Address Verification Pending
2026-07-10 00:54:30 ERROR Order Cancellation Failed
2026-07-10 00:54:34 WARNING Customer Address Verification Pending
2026-07-10 00:54:38 INFO Order Confirmed
2026-07-10 00:54:40 WARNING Customer Address Verification Pending
2026-07-10 00:54:44 ERROR Order Cancellation Failed
2026-07-10 00:54:46 WARNING Customer Address Verification Pending
2026-07-10 00:54:49 WARNING Customer Address Verification Pending
2026-07-10 00:54:54 ERROR Payment Verification Failed
2026-07-10 00:54:58 ERROR Payment Verification Failed
2026-07-10 00:55:03 WARNING Order Delayed
2026-07-10 00:55:06 INFO Order Confirmed
2026-07-10 00:55:08 INFO Order Created
2026-07-10 00:55:11 INFO Refund Initiated
2026-07-10 00:55:14 ERROR Order Cancellation Failed
2026-07-10 00:55:17 INFO Order Created
2026-07-10 00:55:19 WARNING Customer Address Verification Pending
2026-07-10 00:55:21 ERROR Order Cancellation Failed
2026-07-10 00:55:23 INFO Refund Initiated
2026-07-10 00:55:26 INFO Refund Initiated
2026-07-10 00:55:30 WARNING Customer Address Verification Pending
2026-07-10 00:55:35 ERROR Payment Verification Failed
2026-07-10 00:55:38 WARNING Customer Address Verification Pending
2026-07-10 00:55:41 ERROR Order Cancellation Failed
2026-07-10 00:55:45 ERROR Payment Verification Failed
2026-07-10 00:55:48 WARNING Customer Address Verification Pending
2026-07-10 00:55:51 ERROR Payment Verification Failed
2026-07-10 00:55:54 ERROR Order Cancellation Failed
2026-07-10 00:55:57 ERROR Order Cancellation Failed
2026-07-10 00:55:59 ERROR Payment Verification Failed
2026-07-10 00:56:01 ERROR Payment Verification Failed
2026-07-10 00:56:03 INFO Refund Initiated
2026-07-10 00:56:07 WARNING Order Delayed
2026-07-10 00:56:11 WARNING Order Delayed
2026-07-10 00:56:13 WARNING Order Delayed
2026-07-10 00:56:18 INFO Refund Initiated
2026-07-10 00:56:21 WARNING Customer Address Verification Pending
2026-07-10 00:56:24 ERROR Payment Verification Failed
2026-07-10 00:56:28 WARNING Customer Address Verification Pending
2026-07-10 00:56:33 INFO Order Created
2026-07-10 00:56:37 INFO Order Confirmed
2026-07-10 00:56:41 ERROR Payment Verification Failed
2026-07-10 00:56:46 ERROR Order Cancellation Failed
2026-07-10 00:56:50 WARNING Customer Address Verification Pending
2026-07-10 00:56:52 ERROR Payment Verification Failed
2026-07-10 00:56:57 ERROR Payment Verification Failed
2026-07-10 00:57:02 ERROR Order Cancellation Failed
2026-07-10 00:57:06 INFO Order Created
2026-07-10 00:57:08 WARNING Customer Address Verification Pending
2026-07-10 00:57:10 INFO Order Confirmed
2026-07-10 00:57:13 ERROR Order Cancellation Failed
2026-07-10 00:57:16 WARNING Order Delayed
2026-07-10 00:57:19 ERROR Order Cancellation Failed
2026-07-10 00:57:21 WARNING Order Delayed
2026-07-10 00:57:26 INFO Refund Initiated
2026-07-10 00:57:28 ERROR Payment Verification Failed
2026-07-10 00:57:32 ERROR Order Cancellation Failed
2026-07-10 00:57:37 INFO Refund Initiated
2026-07-10 00:57:39 ERROR Order Cancellation Failed
2026-07-10 00:57:42 WARNING Order Delayed
2026-07-10 00:57:46 INFO Order Confirmed
2026-07-10 00:57:50 INFO Order Created
2026-07-10 00:57:54 INFO Refund Initiated
2026-07-10 00:57:57 INFO Refund Initiated
2026-07-10 00:58:00 WARNING Order Delayed
2026-07-10 00:58:02 WARNING Order Delayed
2026-07-10 00:58:06 ERROR Order Cancellation Failed
2026-07-10 00:58:11 INFO Order Confirmed
2026-07-10 00:58:15 ERROR Order Cancellation Failed
2026-07-10 00:58:20 ERROR Payment Verification Failed
2026-07-10 00:58:22 ERROR Payment Verification Failed
2026-07-10 00:58:27 INFO Order Confirmed
2026-07-10 00:58:29 INFO Order Created
2026-07-10 00:58:31 INFO Order Confirmed
2026-07-10 00:58:35 WARNING Customer Address Verification Pending
2026-07-10 00:58:38 WARNING Customer Address Verification Pending
2026-07-10 00:58:43 ERROR Order Cancellation Failed
2026-07-10 00:58:48 ERROR Payment Verification Failed
2026-07-10 00:58:53 WARNING Customer Address Verification Pending
2026-07-10 00:58:55 INFO Order Confirmed
2026-07-10 00:58:58 INFO Order Confirmed
2026-07-10 00:59:00 INFO Refund Initiated
2026-07-10 00:59:02 INFO Order Created
2026-07-10 00:59:05 ERROR Payment Verification Failed
2026-07-10 00:59:10 ERROR Payment Verification Failed
2026-07-10 00:59:12 ERROR Order Cancellation Failed
2026-07-10 00:59:16 INFO Order Created
2026-07-10 00:59:19 INFO Order Created
2026-07-10 00:59:24 INFO Refund Initiated
2026-07-10 00:59:27 INFO Order Created
2026-07-10 00:59:32 WARNING Customer Address Verification Pending
2026-07-10 00:59:37 ERROR Order Cancellation Failed
2026-07-10 00:59:41 WARNING Customer Address Verification Pending
2026-07-10 00:59:46 WARNING Customer Address Verification Pending
2026-07-10 00:59:49 INFO Order Confirmed
2026-07-10 00:59:52 INFO Order Created
2026-07-10 00:59:55 INFO Order Created
2026-07-10 00:59:59 ERROR Payment Verification Failed
2026-07-10 01:00:03 WARNING Customer Address Verification Pending
2026-07-10 01:00:05 ERROR Payment Verification Failed
2026-07-10 01:00:09 INFO Refund Initiated
2026-07-10 01:00:14 ERROR Payment Verification Failed
2026-07-10 01:00:18 ERROR Order Cancellation Failed
2026-07-10 01:00:20 INFO Order Created
2026-07-10 01:00:24 INFO Order Confirmed
2026-07-10 01:00:29 WARNING Customer Address Verification Pending
2026-07-10 01:00:33 WARNING Customer Address Verification Pending
2026-07-10 01:00:37 ERROR Payment Verification Failed
2026-07-10 01:00:40 INFO Refund Initiated
2026-07-10 01:00:44 WARNING Order Delayed
2026-07-10 01:00:48 WARNING Order Delayed
2026-07-10 01:00:50 INFO Order Confirmed
2026-07-10 01:00:52 INFO Refund Initiated
2026-07-10 01:00:55 ERROR Payment Verification Failed
2026-07-10 01:01:00 ERROR Order Cancellation Failed
2026-07-10 01:01:04 WARNING Customer Address Verification Pending
2026-07-10 01:01:08 ERROR Payment Verification Failed
2026-07-10 01:01:12 ERROR Payment Verification Failed
2026-07-10 01:01:15 WARNING Customer Address Verification Pending
2026-07-10 01:01:17 ERROR Payment Verification Failed
2026-07-10 01:01:19 ERROR Order Cancellation Failed
2026-07-10 01:01:23 ERROR Payment Verification Failed
2026-07-10 01:01:26 WARNING Order Delayed
2026-07-10 01:01:28 INFO Order Confirmed
2026-07-10 01:01:30 INFO Refund Initiated
2026-07-10 01:01:33 WARNING Order Delayed
2026-07-10 01:01:37 WARNING Customer Address Verification Pending
2026-07-10 01:01:42 INFO Order Confirmed
2026-07-10 01:01:45 ERROR Order Cancellation Failed
2026-07-10 01:01:50 WARNING Customer Address Verification Pending
2026-07-10 01:01:54 INFO Order Created
2026-07-10 01:01:58 INFO Order Created
2026-07-10 01:02:03 ERROR Payment Verification Failed
2026-07-10 01:02:07 WARNING Customer Address Verification Pending
2026-07-10 01:02:10 INFO Refund Initiated
2026-07-10 01:02:15 ERROR Order Cancellation Failed
2026-07-10 01:02:19 INFO Order Confirmed
2026-07-10 01:02:21 ERROR Order Cancellation Failed
2026-07-10 01:02:25 WARNING Order Delayed
2026-07-10 01:02:28 INFO Refund Initiated
2026-07-10 01:02:30 WARNING Order Delayed
2026-07-10 01:02:35 INFO Refund Initiated
2026-07-10 01:02:39 WARNING Order Delayed
2026-07-10 01:02:44 INFO Order Confirmed
2026-07-10 01:02:47 WARNING Customer Address Verification Pending
2026-07-10 01:02:49 WARNING Customer Address Verification Pending
2026-07-10 01:02:52 ERROR Order Cancellation Failed
2026-07-10 01:02:54 INFO Refund Initiated
2026-07-10 01:02:58 INFO Refund Initiated
2026-07-10 01:03:03 ERROR Payment Verification Failed
2026-07-10 01:03:08 ERROR Order Cancellation Failed
2026-07-10 01:03:13 INFO Order Confirmed
2026-07-10 01:03:15 ERROR Order Cancellation Failed
2026-07-10 01:03:20 ERROR Payment Verification Failed
2026-07-10 01:03:22 ERROR Payment Verification Failed
2026-07-10 01:03:24 ERROR Order Cancellation Failed
2026-07-10 01:03:27 ERROR Order Cancellation Failed
2026-07-10 01:03:30 INFO Refund Initiated
2026-07-10 01:03:34 ERROR Payment Verification Failed
2026-07-10 01:03:37 WARNING Customer Address Verification Pending
2026-07-10 01:03:39 INFO Order Confirmed
2026-07-10 01:03:44 ERROR Order Cancellation Failed
2026-07-10 01:03:47 WARNING Customer Address Verification Pending
2026-07-10 01:03:51 INFO Refund Initiated
2026-07-10 01:03:56 INFO Refund Initiated
2026-07-10 01:03:59 INFO Order Created
2026-07-10 01:04:02 INFO Refund Initiated
2026-07-10 01:04:07 INFO Refund Initiated
2026-07-10 01:04:11 ERROR Order Cancellation Failed
2026-07-10 01:04:14 WARNING Order Delayed
2026-07-10 01:04:17 ERROR Payment Verification Failed
2026-07-10 01:04:19 WARNING Order Delayed
2026-07-10 01:04:24 INFO Order Confirmed
2026-07-10 01:04:26 WARNING Order Delayed
2026-07-10 01:04:30 INFO Order Created
2026-07-10 01:04:32 INFO Order Confirmed
2026-07-10 01:04:36 ERROR Payment Verification Failed
2026-07-10 01:04:39 INFO Order Confirmed
2026-07-10 01:04:44 INFO Refund Initiated
2026-07-10 01:04:48 WARNING Order Delayed
2026-07-10 01:04:52 INFO Order Confirmed
2026-07-10 01:04:55 INFO Order Confirmed
2026-07-10 01:04:57 ERROR Payment Verification Failed
2026-07-10 01:04:59 INFO Order Created
2026-07-10 01:05:02 ERROR Payment Verification Failed
2026-07-10 01:05:05 ERROR Payment Verification Failed
2026-07-10 01:05:07 INFO Order Confirmed
2026-07-10 01:05:10 ERROR Payment Verification Failed
2026-07-10 01:05:14 INFO Order Created
2026-07-10 01:05:19 INFO Order Confirmed
2026-07-10 01:05:23 INFO Order Created
2026-07-10 01:05:27 ERROR Payment Verification Failed
2026-07-10 01:05:29 INFO Refund Initiated
2026-07-10 01:05:34 INFO Refund Initiated
2026-07-10 01:05:38 ERROR Order Cancellation Failed
2026-07-10 01:05:40 INFO Order Confirmed
2026-07-10 01:05:45 WARNING Customer Address Verification Pending
2026-07-10 01:05:47 ERROR Payment Verification Failed
2026-07-10 01:05:50 ERROR Payment Verification Failed
2026-07-10 01:05:53 INFO Order Created
2026-07-10 01:05:58 INFO Order Created
2026-07-10 01:06:03 ERROR Order Cancellation Failed
2026-07-10 01:06:05 INFO Refund Initiated
2026-07-10 01:06:10 WARNING Customer Address Verification Pending
2026-07-10 01:06:13 INFO Order Confirmed
2026-07-10 01:06:17 WARNING Order Delayed
2026-07-10 01:06:22 ERROR Payment Verification Failed
2026-07-10 01:06:27 WARNING Order Delayed
2026-07-10 01:06:29 ERROR Payment Verification Failed
2026-07-10 01:06:33 WARNING Customer Address Verification Pending
2026-07-10 01:06:36 WARNING Order Delayed
