2026-07-10 00:36:48 INFO Payment Successful
2026-07-10 00:36:48 ERROR Payment Timeout
2026-07-10 00:37:07 INFO Payment Successful
2026-07-10 00:37:07 ERROR Payment Timeout
2026-07-10 00:38:34 INFO Payment Service simulation started.
2026-07-10 00:38:34 ERROR Payment Gateway Unreachable
2026-07-10 00:38:38 WARNING Slow Payment Gateway
2026-07-10 00:38:42 ERROR Card Authorization Failed
2026-07-10 00:38:44 WARNING Slow Payment Gateway
2026-07-10 00:38:46 INFO Payment Successful
2026-07-10 00:38:50 ERROR Payment Timeout
2026-07-10 00:38:54 ERROR Card Authorization Failed
2026-07-10 00:38:58 ERROR Card Authorization Failed
2026-07-10 00:39:02 WARNING Slow Payment Gateway
2026-07-10 00:39:05 WARNING High Payment Queue
2026-07-10 00:39:10 WARNING High Payment Queue
2026-07-10 00:39:14 INFO Payment Successful
2026-07-10 00:39:16 ERROR Card Authorization Failed
2026-07-10 00:39:20 INFO Payment Processing
2026-07-10 00:39:23 ERROR Card Authorization Failed
2026-07-10 00:39:25 WARNING Slow Payment Gateway
2026-07-10 00:39:29 WARNING Slow Payment Gateway
2026-07-10 00:39:31 INFO Payment Successful
2026-07-10 00:39:36 INFO Payment Successful
2026-07-10 00:39:38 ERROR Card Authorization Failed
2026-07-10 00:39:42 ERROR Card Authorization Failed
2026-07-10 00:39:47 WARNING Slow Payment Gateway
2026-07-10 00:39:49 ERROR Card Authorization Failed
2026-07-10 00:39:51 INFO Payment Successful
2026-07-10 00:39:53 INFO Payment Successful
2026-07-10 00:39:58 WARNING High Payment Queue
2026-07-10 00:40:00 WARNING Slow Payment Gateway
2026-07-10 00:40:05 INFO Payment Successful
2026-07-10 00:40:09 ERROR Payment Gateway Unreachable
2026-07-10 00:40:14 WARNING Slow Payment Gateway
2026-07-10 00:40:18 WARNING Slow Payment Gateway
2026-07-10 00:40:23 INFO Payment Successful
2026-07-10 00:40:27 INFO Payment Processing
2026-07-10 00:40:32 ERROR Payment Timeout
2026-07-10 00:40:36 WARNING High Payment Queue
2026-07-10 00:40:41 ERROR Payment Gateway Unreachable
2026-07-10 00:40:46 INFO Payment Processing
2026-07-10 00:40:51 ERROR Payment Gateway Unreachable
2026-07-10 00:40:54 WARNING High Payment Queue
2026-07-10 00:40:59 ERROR Card Authorization Failed
2026-07-10 00:41:03 WARNING High Payment Queue
2026-07-10 00:41:06 ERROR Payment Timeout
2026-07-10 00:41:10 INFO Payment Successful
2026-07-10 00:41:12 INFO Payment Processing
2026-07-10 00:41:15 ERROR Payment Gateway Unreachable
2026-07-10 00:41:17 WARNING Slow Payment Gateway
2026-07-10 00:41:20 WARNING Slow Payment Gateway
2026-07-10 00:41:24 ERROR Payment Gateway Unreachable
2026-07-10 00:41:29 WARNING High Payment Queue
2026-07-10 00:41:31 INFO Payment Processing
2026-07-10 00:41:33 WARNING Slow Payment Gateway
2026-07-10 00:41:36 WARNING Slow Payment Gateway
2026-07-10 00:41:39 INFO Payment Successful
2026-07-10 00:41:44 WARNING High Payment Queue
2026-07-10 00:41:46 ERROR Card Authorization Failed
2026-07-10 00:41:48 ERROR Card Authorization Failed
2026-07-10 00:41:50 ERROR Card Authorization Failed
2026-07-10 00:41:52 WARNING High Payment Queue
2026-07-10 00:41:55 INFO Payment Processing
2026-07-10 00:42:00 ERROR Payment Gateway Unreachable
2026-07-10 00:42:04 INFO Payment Processing
2026-07-10 00:42:07 WARNING High Payment Queue
2026-07-10 00:42:11 ERROR Card Authorization Failed
2026-07-10 00:42:16 ERROR Payment Timeout
2026-07-10 00:42:19 INFO Payment Successful
2026-07-10 00:42:24 ERROR Card Authorization Failed
2026-07-10 00:42:29 ERROR Payment Timeout
2026-07-10 00:42:32 ERROR Payment Gateway Unreachable
2026-07-10 00:42:35 WARNING High Payment Queue
2026-07-10 00:42:38 ERROR Payment Gateway Unreachable
2026-07-10 00:42:40 ERROR Payment Timeout
2026-07-10 00:42:43 INFO Payment Successful
2026-07-10 00:42:48 WARNING Slow Payment Gateway
2026-07-10 00:42:51 ERROR Payment Timeout
2026-07-10 00:42:55 ERROR Payment Timeout
2026-07-10 00:42:58 INFO Payment Processing
2026-07-10 00:43:00 ERROR Payment Timeout
2026-07-10 00:43:03 INFO Payment Processing
2026-07-10 00:43:07 INFO Payment Successful
2026-07-10 00:43:10 ERROR Card Authorization Failed
2026-07-10 00:43:13 WARNING Slow Payment Gateway
2026-07-10 00:43:16 WARNING Slow Payment Gateway
2026-07-10 00:43:20 INFO Payment Processing
2026-07-10 00:43:23 WARNING High Payment Queue
2026-07-10 00:43:26 ERROR Payment Gateway Unreachable
2026-07-10 00:43:29 ERROR Payment Timeout
2026-07-10 00:43:32 ERROR Payment Gateway Unreachable
2026-07-10 00:43:34 ERROR Payment Timeout
2026-07-10 00:43:39 WARNING Slow Payment Gateway
2026-07-10 00:43:42 WARNING Slow Payment Gateway
2026-07-10 00:43:44 INFO Payment Processing
2026-07-10 00:43:49 ERROR Payment Timeout
2026-07-10 00:43:54 WARNING High Payment Queue
2026-07-10 00:43:59 INFO Payment Successful
2026-07-10 00:44:01 ERROR Payment Timeout
2026-07-10 00:44:04 INFO Payment Successful
2026-07-10 00:44:07 ERROR Payment Timeout
2026-07-10 00:44:11 WARNING Slow Payment Gateway
2026-07-10 00:44:16 WARNING High Payment Queue
2026-07-10 00:44:20 ERROR Payment Gateway Unreachable
2026-07-10 00:44:23 WARNING High Payment Queue
2026-07-10 00:44:26 WARNING Slow Payment Gateway
2026-07-10 00:44:30 WARNING Slow Payment Gateway
2026-07-10 00:44:35 ERROR Payment Gateway Unreachable
2026-07-10 00:44:39 ERROR Payment Gateway Unreachable
2026-07-10 00:44:43 ERROR Payment Gateway Unreachable
2026-07-10 00:44:48 ERROR Payment Gateway Unreachable
2026-07-10 00:44:53 WARNING Slow Payment Gateway
2026-07-10 00:44:55 INFO Payment Successful
2026-07-10 00:45:00 WARNING Slow Payment Gateway
2026-07-10 00:45:03 ERROR Payment Gateway Unreachable
2026-07-10 00:45:05 ERROR Card Authorization Failed
2026-07-10 00:45:09 WARNING Slow Payment Gateway
2026-07-10 00:45:14 ERROR Card Authorization Failed
2026-07-10 00:45:17 WARNING High Payment Queue
2026-07-10 00:45:21 WARNING Slow Payment Gateway
2026-07-10 00:45:24 INFO Payment Processing
2026-07-10 00:45:29 ERROR Card Authorization Failed
2026-07-10 00:45:32 INFO Payment Successful
2026-07-10 00:45:37 ERROR Payment Gateway Unreachable
2026-07-10 00:45:39 ERROR Payment Timeout
2026-07-10 00:45:44 WARNING High Payment Queue
2026-07-10 00:45:48 ERROR Payment Timeout
2026-07-10 00:45:51 ERROR Payment Timeout
2026-07-10 00:45:55 WARNING High Payment Queue
2026-07-10 00:45:58 WARNING Slow Payment Gateway
2026-07-10 00:46:03 ERROR Card Authorization Failed
2026-07-10 00:46:05 INFO Payment Successful
2026-07-10 00:46:08 WARNING Slow Payment Gateway
2026-07-10 00:46:10 ERROR Payment Timeout
2026-07-10 00:46:15 ERROR Payment Gateway Unreachable
2026-07-10 00:46:17 ERROR Payment Gateway Unreachable
2026-07-10 00:46:20 ERROR Payment Timeout
2026-07-10 00:46:24 WARNING Slow Payment Gateway
2026-07-10 00:46:27 ERROR Payment Gateway Unreachable
2026-07-10 00:46:30 INFO Payment Processing
2026-07-10 00:46:33 ERROR Payment Timeout
2026-07-10 00:46:35 INFO Payment Successful
2026-07-10 00:46:37 ERROR Payment Gateway Unreachable
2026-07-10 00:46:40 WARNING High Payment Queue
2026-07-10 00:46:44 ERROR Payment Gateway Unreachable
2026-07-10 00:46:46 WARNING High Payment Queue
2026-07-10 00:46:49 INFO Payment Successful
2026-07-10 00:46:53 ERROR Payment Timeout
2026-07-10 00:46:58 ERROR Payment Gateway Unreachable
2026-07-10 00:47:02 ERROR Payment Timeout
2026-07-10 00:47:05 ERROR Payment Timeout
2026-07-10 00:47:09 ERROR Card Authorization Failed
2026-07-10 00:47:12 WARNING Slow Payment Gateway
2026-07-10 00:47:15 ERROR Payment Timeout
2026-07-10 00:47:17 ERROR Payment Timeout
2026-07-10 00:47:22 ERROR Payment Gateway Unreachable
2026-07-10 00:47:26 WARNING High Payment Queue
2026-07-10 00:47:30 ERROR Card Authorization Failed
2026-07-10 00:47:32 WARNING High Payment Queue
2026-07-10 00:47:36 INFO Payment Successful
2026-07-10 00:47:40 WARNING High Payment Queue
2026-07-10 00:47:44 WARNING High Payment Queue
2026-07-10 00:47:47 WARNING Slow Payment Gateway
2026-07-10 00:47:52 ERROR Card Authorization Failed
2026-07-10 00:47:57 INFO Payment Processing
2026-07-10 00:48:00 ERROR Card Authorization Failed
2026-07-10 00:48:03 ERROR Payment Timeout
2026-07-10 00:48:08 INFO Payment Successful
2026-07-10 00:48:13 INFO Payment Successful
2026-07-10 00:48:15 INFO Payment Processing
2026-07-10 00:48:19 ERROR Payment Gateway Unreachable
2026-07-10 00:48:23 INFO Payment Processing
2026-07-10 00:48:28 WARNING High Payment Queue
2026-07-10 00:48:33 ERROR Card Authorization Failed
2026-07-10 00:48:38 INFO Payment Processing
2026-07-10 00:48:42 WARNING High Payment Queue
2026-07-10 00:48:47 WARNING High Payment Queue
2026-07-10 00:48:52 INFO Payment Processing
2026-07-10 00:48:56 WARNING High Payment Queue
2026-07-10 00:49:01 ERROR Payment Timeout
2026-07-10 00:49:05 ERROR Payment Gateway Unreachable
2026-07-10 00:49:08 WARNING Slow Payment Gateway
2026-07-10 00:49:10 ERROR Payment Gateway Unreachable
2026-07-10 00:49:12 ERROR Payment Timeout
2026-07-10 00:49:16 WARNING Slow Payment Gateway
2026-07-10 00:49:19 WARNING Slow Payment Gateway
2026-07-10 00:49:21 INFO Payment Successful
2026-07-10 00:49:25 INFO Payment Successful
2026-07-10 00:49:30 WARNING Slow Payment Gateway
2026-07-10 00:49:32 ERROR Payment Timeout
2026-07-10 00:49:37 WARNING High Payment Queue
2026-07-10 00:49:39 WARNING High Payment Queue
2026-07-10 00:49:42 INFO Payment Processing
2026-07-10 00:49:47 WARNING High Payment Queue
2026-07-10 00:49:51 ERROR Payment Gateway Unreachable
2026-07-10 00:49:55 ERROR Card Authorization Failed
2026-07-10 00:49:57 ERROR Payment Timeout
2026-07-10 00:49:59 ERROR Payment Gateway Unreachable
2026-07-10 00:50:02 WARNING Slow Payment Gateway
2026-07-10 00:50:05 WARNING Slow Payment Gateway
2026-07-10 00:50:07 ERROR Payment Gateway Unreachable
2026-07-10 00:50:11 ERROR Card Authorization Failed
2026-07-10 00:50:16 WARNING Slow Payment Gateway
2026-07-10 00:50:19 INFO Payment Processing
2026-07-10 00:50:21 ERROR Payment Timeout
2026-07-10 00:50:23 INFO Payment Successful
2026-07-10 00:50:28 WARNING High Payment Queue
2026-07-10 00:50:32 WARNING High Payment Queue
2026-07-10 00:50:34 ERROR Payment Gateway Unreachable
2026-07-10 00:50:38 INFO Payment Processing
2026-07-10 00:50:43 INFO Payment Processing
2026-07-10 00:50:45 INFO Payment Processing
2026-07-10 00:50:50 ERROR Card Authorization Failed
2026-07-10 00:50:55 WARNING High Payment Queue
2026-07-10 00:51:00 INFO Payment Successful
2026-07-10 00:51:04 INFO Payment Processing
2026-07-10 00:51:06 ERROR Payment Timeout
2026-07-10 00:51:11 WARNING Slow Payment Gateway
2026-07-10 00:51:16 ERROR Payment Timeout
2026-07-10 00:51:20 WARNING High Payment Queue
2026-07-10 00:51:24 ERROR Card Authorization Failed
2026-07-10 00:51:28 ERROR Payment Timeout
2026-07-10 00:51:32 WARNING High Payment Queue
2026-07-10 00:51:35 WARNING High Payment Queue
2026-07-10 00:51:37 INFO Payment Successful
2026-07-10 00:51:42 ERROR Card Authorization Failed
2026-07-10 00:51:47 ERROR Payment Gateway Unreachable
2026-07-10 00:51:49 WARNING High Payment Queue
2026-07-10 00:51:54 ERROR Payment Timeout
2026-07-10 00:51:57 ERROR Payment Gateway Unreachable
2026-07-10 00:51:59 ERROR Payment Timeout
2026-07-10 00:52:03 ERROR Payment Gateway Unreachable
2026-07-10 00:52:08 ERROR Card Authorization Failed
2026-07-10 00:52:12 WARNING High Payment Queue
2026-07-10 00:52:15 ERROR Card Authorization Failed
2026-07-10 00:52:19 ERROR Payment Gateway Unreachable
2026-07-10 00:52:24 INFO Payment Processing
2026-07-10 00:52:26 WARNING Slow Payment Gateway
2026-07-10 00:52:30 INFO Payment Successful
2026-07-10 00:52:34 ERROR Payment Timeout
2026-07-10 00:52:38 ERROR Card Authorization Failed
2026-07-10 00:52:41 ERROR Card Authorization Failed
2026-07-10 00:52:44 INFO Payment Successful
2026-07-10 00:52:48 INFO Payment Successful
2026-07-10 00:52:53 ERROR Card Authorization Failed
2026-07-10 00:52:55 ERROR Payment Gateway Unreachable
2026-07-10 00:52:57 WARNING Slow Payment Gateway
2026-07-10 00:53:02 INFO Payment Successful
2026-07-10 00:53:05 WARNING Slow Payment Gateway
2026-07-10 00:53:07 WARNING Slow Payment Gateway
2026-07-10 00:53:09 WARNING High Payment Queue
2026-07-10 00:53:11 INFO Payment Processing
2026-07-10 00:53:14 WARNING High Payment Queue
2026-07-10 00:53:17 ERROR Payment Timeout
2026-07-10 00:53:22 ERROR Card Authorization Failed
2026-07-10 00:53:27 ERROR Payment Timeout
2026-07-10 00:53:31 ERROR Card Authorization Failed
2026-07-10 00:53:35 WARNING High Payment Queue
2026-07-10 00:53:40 WARNING Slow Payment Gateway
2026-07-10 00:53:43 INFO Payment Processing
2026-07-10 00:53:48 WARNING Slow Payment Gateway
2026-07-10 00:53:53 ERROR Payment Timeout
2026-07-10 00:53:57 INFO Payment Processing
2026-07-10 00:53:59 INFO Payment Successful
2026-07-10 00:54:01 WARNING High Payment Queue
2026-07-10 00:54:03 ERROR Card Authorization Failed
2026-07-10 00:54:06 WARNING Slow Payment Gateway
2026-07-10 00:54:09 ERROR Payment Gateway Unreachable
2026-07-10 00:54:13 ERROR Payment Timeout
2026-07-10 00:54:15 ERROR Card Authorization Failed
2026-07-10 00:54:17 ERROR Payment Gateway Unreachable
2026-07-10 00:54:21 INFO Payment Successful
2026-07-10 00:54:23 INFO Payment Processing
2026-07-10 00:54:25 ERROR Card Authorization Failed
2026-07-10 00:54:29 INFO Payment Successful
2026-07-10 00:54:32 WARNING Slow Payment Gateway
2026-07-10 00:54:37 INFO Payment Processing
2026-07-10 00:54:39 INFO Payment Successful
2026-07-10 00:54:44 ERROR Payment Timeout
2026-07-10 00:54:46 ERROR Payment Gateway Unreachable
2026-07-10 00:54:49 ERROR Payment Gateway Unreachable
2026-07-10 00:54:53 WARNING Slow Payment Gateway
2026-07-10 00:54:57 ERROR Card Authorization Failed
2026-07-10 00:55:01 ERROR Payment Gateway Unreachable
2026-07-10 00:55:03 ERROR Payment Timeout
2026-07-10 00:55:05 ERROR Card Authorization Failed
2026-07-10 00:55:07 WARNING Slow Payment Gateway
2026-07-10 00:55:10 WARNING Slow Payment Gateway
2026-07-10 00:55:15 INFO Payment Processing
2026-07-10 00:55:20 INFO Payment Processing
2026-07-10 00:55:24 ERROR Payment Timeout
2026-07-10 00:55:28 INFO Payment Successful
2026-07-10 00:55:32 INFO Payment Successful
2026-07-10 00:55:36 ERROR Payment Timeout
2026-07-10 00:55:39 WARNING High Payment Queue
2026-07-10 00:55:42 INFO Payment Successful
2026-07-10 00:55:44 WARNING High Payment Queue
2026-07-10 00:55:46 ERROR Card Authorization Failed
2026-07-10 00:55:49 ERROR Payment Gateway Unreachable
2026-07-10 00:55:51 INFO Payment Processing
2026-07-10 00:55:55 INFO Payment Successful
2026-07-10 00:55:57 WARNING High Payment Queue
2026-07-10 00:56:00 INFO Payment Successful
2026-07-10 00:56:05 ERROR Payment Timeout
2026-07-10 00:56:09 ERROR Card Authorization Failed
2026-07-10 00:56:11 INFO Payment Successful
2026-07-10 00:56:16 WARNING High Payment Queue
2026-07-10 00:56:21 ERROR Card Authorization Failed
2026-07-10 00:56:24 ERROR Payment Gateway Unreachable
2026-07-10 00:56:27 WARNING Slow Payment Gateway
2026-07-10 00:56:31 WARNING Slow Payment Gateway
2026-07-10 00:56:33 WARNING High Payment Queue
2026-07-10 00:56:37 ERROR Payment Timeout
2026-07-10 00:56:40 ERROR Payment Timeout
2026-07-10 00:56:43 WARNING Slow Payment Gateway
2026-07-10 00:56:47 WARNING Slow Payment Gateway
2026-07-10 00:56:51 WARNING High Payment Queue
2026-07-10 00:56:54 WARNING Slow Payment Gateway
2026-07-10 00:56:58 INFO Payment Successful
2026-07-10 00:57:01 ERROR Payment Gateway Unreachable
2026-07-10 00:57:03 WARNING High Payment Queue
2026-07-10 00:57:07 WARNING High Payment Queue
2026-07-10 00:57:09 ERROR Payment Gateway Unreachable
2026-07-10 00:57:14 WARNING High Payment Queue
2026-07-10 00:57:16 WARNING Slow Payment Gateway
2026-07-10 00:57:20 ERROR Payment Timeout
2026-07-10 00:57:23 INFO Payment Successful
2026-07-10 00:57:28 ERROR Card Authorization Failed
2026-07-10 00:57:33 WARNING Slow Payment Gateway
2026-07-10 00:57:36 WARNING Slow Payment Gateway
2026-07-10 00:57:39 INFO Payment Successful
2026-07-10 00:57:41 ERROR Payment Timeout
2026-07-10 00:57:45 INFO Payment Processing
2026-07-10 00:57:48 WARNING High Payment Queue
2026-07-10 00:57:53 WARNING Slow Payment Gateway
2026-07-10 00:57:56 WARNING High Payment Queue
2026-07-10 00:58:01 ERROR Payment Timeout
2026-07-10 00:58:03 WARNING High Payment Queue
2026-07-10 00:58:06 ERROR Payment Gateway Unreachable
2026-07-10 00:58:08 ERROR Payment Gateway Unreachable
2026-07-10 00:58:10 WARNING High Payment Queue
2026-07-10 00:58:12 WARNING High Payment Queue
2026-07-10 00:58:17 ERROR Payment Timeout
2026-07-10 00:58:19 WARNING Slow Payment Gateway
2026-07-10 00:58:23 WARNING High Payment Queue
2026-07-10 00:58:25 WARNING Slow Payment Gateway
2026-07-10 00:58:30 WARNING High Payment Queue
2026-07-10 00:58:33 INFO Payment Successful
2026-07-10 00:58:37 ERROR Card Authorization Failed
2026-07-10 00:58:41 INFO Payment Successful
2026-07-10 00:58:43 ERROR Payment Gateway Unreachable
2026-07-10 00:58:47 INFO Payment Processing
2026-07-10 00:58:50 ERROR Payment Timeout
2026-07-10 00:58:53 INFO Payment Successful
2026-07-10 00:58:58 WARNING Slow Payment Gateway
2026-07-10 00:59:00 ERROR Card Authorization Failed
2026-07-10 00:59:02 WARNING High Payment Queue
2026-07-10 00:59:06 WARNING Slow Payment Gateway
2026-07-10 00:59:08 ERROR Card Authorization Failed
2026-07-10 00:59:10 ERROR Card Authorization Failed
2026-07-10 00:59:15 INFO Payment Successful
2026-07-10 00:59:17 INFO Payment Successful
2026-07-10 00:59:21 ERROR Card Authorization Failed
2026-07-10 00:59:25 INFO Payment Successful
2026-07-10 00:59:27 INFO Payment Processing
2026-07-10 00:59:29 ERROR Payment Gateway Unreachable
2026-07-10 00:59:34 WARNING High Payment Queue
2026-07-10 00:59:37 ERROR Card Authorization Failed
2026-07-10 00:59:40 WARNING High Payment Queue
2026-07-10 00:59:45 ERROR Payment Timeout
2026-07-10 00:59:47 WARNING High Payment Queue
2026-07-10 00:59:51 WARNING Slow Payment Gateway
2026-07-10 00:59:55 INFO Payment Processing
2026-07-10 00:59:57 WARNING Slow Payment Gateway
2026-07-10 00:59:59 WARNING Slow Payment Gateway
2026-07-10 01:00:03 INFO Payment Successful
2026-07-10 01:00:05 WARNING High Payment Queue
2026-07-10 01:00:08 INFO Payment Successful
2026-07-10 01:00:11 ERROR Card Authorization Failed
2026-07-10 01:00:15 WARNING High Payment Queue
2026-07-10 01:00:19 ERROR Payment Timeout
2026-07-10 01:00:22 INFO Payment Successful
2026-07-10 01:00:27 WARNING Slow Payment Gateway
2026-07-10 01:00:31 ERROR Payment Timeout
2026-07-10 01:00:36 WARNING High Payment Queue
2026-07-10 01:00:40 ERROR Payment Timeout
2026-07-10 01:00:42 ERROR Payment Gateway Unreachable
2026-07-10 01:00:47 ERROR Payment Gateway Unreachable
2026-07-10 01:00:49 ERROR Payment Timeout
2026-07-10 01:00:51 ERROR Card Authorization Failed
2026-07-10 01:00:56 ERROR Card Authorization Failed
2026-07-10 01:00:59 INFO Payment Processing
2026-07-10 01:01:04 ERROR Payment Timeout
2026-07-10 01:01:06 ERROR Payment Timeout
2026-07-10 01:01:11 ERROR Payment Timeout
2026-07-10 01:01:13 ERROR Payment Gateway Unreachable
2026-07-10 01:01:17 ERROR Card Authorization Failed
2026-07-10 01:01:19 WARNING Slow Payment Gateway
2026-07-10 01:01:21 WARNING Slow Payment Gateway
2026-07-10 01:01:25 ERROR Card Authorization Failed
2026-07-10 01:01:28 ERROR Payment Timeout
2026-07-10 01:01:31 INFO Payment Successful
2026-07-10 01:01:36 ERROR Payment Gateway Unreachable
2026-07-10 01:01:40 ERROR Payment Gateway Unreachable
2026-07-10 01:01:44 WARNING Slow Payment Gateway
2026-07-10 01:01:49 WARNING High Payment Queue
2026-07-10 01:01:54 ERROR Payment Timeout
2026-07-10 01:01:57 ERROR Payment Timeout
2026-07-10 01:02:01 ERROR Payment Timeout
2026-07-10 01:02:06 INFO Payment Processing
2026-07-10 01:02:11 ERROR Payment Timeout
2026-07-10 01:02:13 WARNING Slow Payment Gateway
2026-07-10 01:02:15 ERROR Payment Gateway Unreachable
2026-07-10 01:02:18 WARNING High Payment Queue
2026-07-10 01:02:22 WARNING High Payment Queue
2026-07-10 01:02:27 INFO Payment Processing
2026-07-10 01:02:29 WARNING High Payment Queue
2026-07-10 01:02:34 WARNING Slow Payment Gateway
2026-07-10 01:02:36 ERROR Card Authorization Failed
2026-07-10 01:02:38 INFO Payment Processing
2026-07-10 01:02:42 WARNING High Payment Queue
2026-07-10 01:02:45 WARNING High Payment Queue
2026-07-10 01:02:48 WARNING High Payment Queue
2026-07-10 01:02:52 ERROR Card Authorization Failed
2026-07-10 01:02:56 WARNING High Payment Queue
2026-07-10 01:03:01 INFO Payment Processing
2026-07-10 01:03:03 WARNING High Payment Queue
2026-07-10 01:03:07 WARNING High Payment Queue
2026-07-10 01:03:11 ERROR Card Authorization Failed
2026-07-10 01:03:15 WARNING High Payment Queue
2026-07-10 01:03:19 ERROR Card Authorization Failed
2026-07-10 01:03:24 ERROR Card Authorization Failed
2026-07-10 01:03:26 WARNING High Payment Queue
2026-07-10 01:03:29 WARNING Slow Payment Gateway
2026-07-10 01:03:33 ERROR Payment Timeout
2026-07-10 01:03:36 ERROR Payment Timeout
2026-07-10 01:03:39 WARNING High Payment Queue
2026-07-10 01:03:41 ERROR Card Authorization Failed
2026-07-10 01:03:45 INFO Payment Processing
2026-07-10 01:03:50 INFO Payment Processing
2026-07-10 01:03:52 INFO Payment Successful
2026-07-10 01:03:57 INFO Payment Processing
2026-07-10 01:04:01 WARNING High Payment Queue
2026-07-10 01:04:04 ERROR Card Authorization Failed
2026-07-10 01:04:08 WARNING Slow Payment Gateway
2026-07-10 01:04:11 WARNING Slow Payment Gateway
2026-07-10 01:04:13 INFO Payment Processing
2026-07-10 01:04:16 ERROR Card Authorization Failed
2026-07-10 01:04:18 ERROR Payment Timeout
2026-07-10 01:04:21 WARNING High Payment Queue
2026-07-10 01:04:23 WARNING Slow Payment Gateway
2026-07-10 01:04:26 INFO Payment Processing
2026-07-10 01:04:30 WARNING High Payment Queue
2026-07-10 01:04:33 WARNING High Payment Queue
2026-07-10 01:04:35 ERROR Card Authorization Failed
2026-07-10 01:04:40 WARNING High Payment Queue
2026-07-10 01:04:44 INFO Payment Processing
2026-07-10 01:04:49 INFO Payment Processing
2026-07-10 01:04:53 INFO Payment Successful
2026-07-10 01:04:58 INFO Payment Processing
2026-07-10 01:05:00 INFO Payment Processing
2026-07-10 01:05:04 INFO Payment Processing
2026-07-10 01:05:08 WARNING Slow Payment Gateway
2026-07-10 01:05:13 ERROR Payment Gateway Unreachable
2026-07-10 01:05:17 INFO Payment Successful
2026-07-10 01:05:20 ERROR Card Authorization Failed
2026-07-10 01:05:22 WARNING Slow Payment Gateway
2026-07-10 01:05:26 INFO Payment Processing
2026-07-10 01:05:31 WARNING Slow Payment Gateway
2026-07-10 01:05:36 ERROR Payment Timeout
2026-07-10 01:05:38 ERROR Payment Timeout
2026-07-10 01:05:41 ERROR Card Authorization Failed
2026-07-10 01:05:44 INFO Payment Successful
2026-07-10 01:05:49 INFO Payment Successful
2026-07-10 01:05:54 INFO Payment Processing
2026-07-10 01:05:56 WARNING High Payment Queue
2026-07-10 01:06:00 ERROR Payment Gateway Unreachable
2026-07-10 01:06:04 WARNING High Payment Queue
2026-07-10 01:06:08 ERROR Card Authorization Failed
2026-07-10 01:06:11 ERROR Card Authorization Failed
2026-07-10 01:06:14 ERROR Card Authorization Failed
2026-07-10 01:06:16 ERROR Card Authorization Failed
2026-07-10 01:06:20 WARNING Slow Payment Gateway
2026-07-10 01:06:22 INFO Payment Processing
2026-07-10 01:06:25 WARNING High Payment Queue
2026-07-10 01:06:30 ERROR Card Authorization Failed
2026-07-10 01:06:35 WARNING Slow Payment Gateway
2026-07-10 01:06:37 WARNING High Payment Queue
2026-07-10 01:06:42 INFO Payment Successful
2026-07-10 01:06:44 ERROR Payment Timeout
2026-07-10 01:06:46 INFO Payment Processing
2026-07-10 01:06:51 WARNING Slow Payment Gateway
2026-07-10 01:06:53 ERROR Payment Gateway Unreachable
2026-07-10 01:06:56 ERROR Card Authorization Failed
2026-07-10 01:07:01 ERROR Payment Timeout
2026-07-10 01:07:05 INFO Payment Processing
2026-07-10 01:07:09 ERROR Payment Timeout
2026-07-10 01:07:13 ERROR Card Authorization Failed
2026-07-10 01:07:17 WARNING Slow Payment Gateway
2026-07-10 01:07:20 INFO Payment Processing
2026-07-10 01:07:25 INFO Payment Successful
2026-07-10 01:07:27 WARNING High Payment Queue
2026-07-10 01:07:31 WARNING Slow Payment Gateway
2026-07-10 01:07:34 ERROR Payment Timeout
2026-07-10 01:07:39 INFO Payment Processing
2026-07-10 01:07:44 INFO Payment Successful
2026-07-10 01:07:46 ERROR Card Authorization Failed
2026-07-10 01:07:50 ERROR Payment Timeout
2026-07-10 01:07:52 WARNING Slow Payment Gateway
2026-07-10 01:07:57 WARNING High Payment Queue
2026-07-10 01:08:00 ERROR Payment Timeout
2026-07-10 01:08:05 ERROR Payment Timeout
2026-07-10 01:08:10 ERROR Payment Gateway Unreachable
2026-07-10 01:08:14 ERROR Payment Gateway Unreachable
2026-07-10 01:08:17 WARNING High Payment Queue
2026-07-10 01:08:19 INFO Payment Successful
2026-07-10 01:08:24 ERROR Payment Timeout
2026-07-10 01:08:27 INFO Payment Processing
2026-07-10 01:08:31 INFO Payment Processing
2026-07-10 01:08:33 ERROR Payment Timeout
2026-07-10 01:08:35 WARNING High Payment Queue
2026-07-10 01:08:37 ERROR Payment Gateway Unreachable
2026-07-10 01:08:39 ERROR Payment Timeout
2026-07-10 01:08:42 WARNING High Payment Queue
2026-07-10 01:08:45 ERROR Payment Timeout
